{"D:\\nodejs\\Nodejs_ObjcetReverse\\app.js": {"path":"D:\\nodejs\\Nodejs_ObjcetReverse\\app.js","statementMap":{"0":{"start":{"line":2,"column":17},"end":{"line":10,"column":1}},"1":{"start":{"line":13,"column":18},"end":{"line":21,"column":1}},"2":{"start":{"line":24,"column":18},"end":{"line":34,"column":1}},"3":{"start":{"line":25,"column":4},"end":{"line":33,"column":5}},"4":{"start":{"line":26,"column":8},"end":{"line":30,"column":9}},"5":{"start":{"line":27,"column":12},"end":{"line":27,"column":27}},"6":{"start":{"line":29,"column":12},"end":{"line":29,"column":28}},"7":{"start":{"line":32,"column":8},"end":{"line":32,"column":41}},"8":{"start":{"line":37,"column":21},"end":{"line":47,"column":1}},"9":{"start":{"line":39,"column":4},"end":{"line":42,"column":5}},"10":{"start":{"line":40,"column":8},"end":{"line":40,"column":43}},"11":{"start":{"line":41,"column":8},"end":{"line":41,"column":21}},"12":{"start":{"line":43,"column":4},"end":{"line":45,"column":5}},"13":{"start":{"line":44,"column":8},"end":{"line":44,"column":23}},"14":{"start":{"line":46,"column":4},"end":{"line":46,"column":17}},"15":{"start":{"line":50,"column":19},"end":{"line":60,"column":1}},"16":{"start":{"line":52,"column":4},"end":{"line":55,"column":5}},"17":{"start":{"line":53,"column":8},"end":{"line":53,"column":43}},"18":{"start":{"line":54,"column":8},"end":{"line":54,"column":21}},"19":{"start":{"line":56,"column":4},"end":{"line":58,"column":5}},"20":{"start":{"line":57,"column":8},"end":{"line":57,"column":16}},"21":{"start":{"line":59,"column":4},"end":{"line":59,"column":15}},"22":{"start":{"line":62,"column":0},"end":{"line":62,"column":22}},"23":{"start":{"line":63,"column":0},"end":{"line":63,"column":44}},"24":{"start":{"line":66,"column":20},"end":{"line":132,"column":1}},"25":{"start":{"line":67,"column":18},"end":{"line":67,"column":20}},"26":{"start":{"line":68,"column":21},"end":{"line":68,"column":23}},"27":{"start":{"line":69,"column":15},"end":{"line":69,"column":19}},"28":{"start":{"line":71,"column":4},"end":{"line":71,"column":34}},"29":{"start":{"line":73,"column":4},"end":{"line":73,"column":29}},"30":{"start":{"line":74,"column":4},"end":{"line":74,"column":38}},"31":{"start":{"line":76,"column":4},"end":{"line":79,"column":5}},"32":{"start":{"line":77,"column":8},"end":{"line":77,"column":27}},"33":{"start":{"line":78,"column":8},"end":{"line":78,"column":36}},"34":{"start":{"line":81,"column":4},"end":{"line":87,"column":5}},"35":{"start":{"line":82,"column":8},"end":{"line":82,"column":36}},"36":{"start":{"line":83,"column":8},"end":{"line":86,"column":9}},"37":{"start":{"line":84,"column":12},"end":{"line":84,"column":31}},"38":{"start":{"line":85,"column":12},"end":{"line":85,"column":40}},"39":{"start":{"line":88,"column":4},"end":{"line":88,"column":48}},"40":{"start":{"line":91,"column":4},"end":{"line":91,"column":40}},"41":{"start":{"line":92,"column":4},"end":{"line":92,"column":38}},"42":{"start":{"line":93,"column":4},"end":{"line":93,"column":48}},"43":{"start":{"line":95,"column":4},"end":{"line":101,"column":5}},"44":{"start":{"line":95,"column":17},"end":{"line":95,"column":35}},"45":{"start":{"line":96,"column":8},"end":{"line":100,"column":9}},"46":{"start":{"line":97,"column":12},"end":{"line":97,"column":40}},"47":{"start":{"line":99,"column":12},"end":{"line":99,"column":54}},"48":{"start":{"line":104,"column":4},"end":{"line":104,"column":43}},"49":{"start":{"line":105,"column":4},"end":{"line":105,"column":44}},"50":{"start":{"line":106,"column":4},"end":{"line":106,"column":48}},"51":{"start":{"line":110,"column":4},"end":{"line":110,"column":30}},"52":{"start":{"line":111,"column":18},"end":{"line":111,"column":20}},"53":{"start":{"line":112,"column":17},"end":{"line":112,"column":19}},"54":{"start":{"line":114,"column":4},"end":{"line":114,"column":32}},"55":{"start":{"line":115,"column":4},"end":{"line":115,"column":47}},"56":{"start":{"line":116,"column":4},"end":{"line":116,"column":62}},"57":{"start":{"line":117,"column":4},"end":{"line":117,"column":88}},"58":{"start":{"line":118,"column":4},"end":{"line":118,"column":48}},"59":{"start":{"line":121,"column":4},"end":{"line":121,"column":33}},"60":{"start":{"line":122,"column":4},"end":{"line":122,"column":38}},"61":{"start":{"line":123,"column":4},"end":{"line":123,"column":48}},"62":{"start":{"line":126,"column":4},"end":{"line":126,"column":27}},"63":{"start":{"line":127,"column":4},"end":{"line":127,"column":69}},"64":{"start":{"line":128,"column":4},"end":{"line":128,"column":84}},"65":{"start":{"line":129,"column":4},"end":{"line":129,"column":99}},"66":{"start":{"line":131,"column":4},"end":{"line":131,"column":19}},"67":{"start":{"line":134,"column":10},"end":{"line":134,"column":35}},"68":{"start":{"line":135,"column":0},"end":{"line":135,"column":25}},"69":{"start":{"line":137,"column":0},"end":{"line":137,"column":31}}},"fnMap":{"0":{"name":"(anonymous_0)","decl":{"start":{"line":24,"column":18},"end":{"line":24,"column":19}},"loc":{"start":{"line":24,"column":31},"end":{"line":34,"column":1}},"line":24},"1":{"name":"(anonymous_1)","decl":{"start":{"line":37,"column":21},"end":{"line":37,"column":22}},"loc":{"start":{"line":37,"column":30},"end":{"line":47,"column":1}},"line":37},"2":{"name":"(anonymous_2)","decl":{"start":{"line":50,"column":19},"end":{"line":50,"column":20}},"loc":{"start":{"line":50,"column":28},"end":{"line":60,"column":1}},"line":50},"3":{"name":"(anonymous_3)","decl":{"start":{"line":66,"column":20},"end":{"line":66,"column":21}},"loc":{"start":{"line":66,"column":36},"end":{"line":132,"column":1}},"line":66}},"branchMap":{"0":{"loc":{"start":{"line":25,"column":4},"end":{"line":33,"column":5}},"type":"if","locations":[{"start":{"line":25,"column":4},"end":{"line":33,"column":5}},{"start":{"line":25,"column":4},"end":{"line":33,"column":5}}],"line":25},"1":{"loc":{"start":{"line":26,"column":8},"end":{"line":30,"column":9}},"type":"if","locations":[{"start":{"line":26,"column":8},"end":{"line":30,"column":9}},{"start":{"line":26,"column":8},"end":{"line":30,"column":9}}],"line":26},"2":{"loc":{"start":{"line":39,"column":4},"end":{"line":42,"column":5}},"type":"if","locations":[{"start":{"line":39,"column":4},"end":{"line":42,"column":5}},{"start":{"line":39,"column":4},"end":{"line":42,"column":5}}],"line":39},"3":{"loc":{"start":{"line":52,"column":4},"end":{"line":55,"column":5}},"type":"if","locations":[{"start":{"line":52,"column":4},"end":{"line":55,"column":5}},{"start":{"line":52,"column":4},"end":{"line":55,"column":5}}],"line":52},"4":{"loc":{"start":{"line":76,"column":4},"end":{"line":79,"column":5}},"type":"if","locations":[{"start":{"line":76,"column":4},"end":{"line":79,"column":5}},{"start":{"line":76,"column":4},"end":{"line":79,"column":5}}],"line":76},"5":{"loc":{"start":{"line":83,"column":8},"end":{"line":86,"column":9}},"type":"if","locations":[{"start":{"line":83,"column":8},"end":{"line":86,"column":9}},{"start":{"line":83,"column":8},"end":{"line":86,"column":9}}],"line":83},"6":{"loc":{"start":{"line":96,"column":8},"end":{"line":100,"column":9}},"type":"if","locations":[{"start":{"line":96,"column":8},"end":{"line":100,"column":9}},{"start":{"line":96,"column":8},"end":{"line":100,"column":9}}],"line":96}},"s":{"0":1,"1":1,"2":1,"3":18,"4":16,"5":0,"6":16,"7":2,"8":1,"9":10,"10":2,"11":2,"12":8,"13":8,"14":8,"15":1,"16":8,"17":0,"18":0,"19":8,"20":8,"21":8,"22":1,"23":1,"24":1,"25":2,"26":2,"27":2,"28":2,"29":2,"30":2,"31":2,"32":2,"33":2,"34":2,"35":8,"36":8,"37":6,"38":6,"39":2,"40":2,"41":2,"42":2,"43":2,"44":2,"45":10,"46":2,"47":8,"48":2,"49":2,"50":2,"51":2,"52":2,"53":2,"54":2,"55":2,"56":2,"57":2,"58":2,"59":2,"60":2,"61":2,"62":2,"63":2,"64":2,"65":2,"66":2,"67":1,"68":1,"69":1},"f":{"0":18,"1":10,"2":8,"3":2},"b":{"0":[16,2],"1":[0,16],"2":[2,8],"3":[0,8],"4":[2,0],"5":[6,2],"6":[2,8]},"_coverageSchema":"1a1c01bbd47fc00a2c39e90264f33305004495a9","hash":"9ae9976f8f3c83a4c9ac2b48e3667ab20e073490"}
}
