TN:
SF:app.js
FN:24,(anonymous_0)
FN:37,(anonymous_1)
FN:50,(anonymous_2)
FN:66,(anonymous_3)
FNF:4
FNH:4
FNDA:18,(anonymous_0)
FNDA:10,(anonymous_1)
FNDA:8,(anonymous_2)
FNDA:2,(anonymous_3)
DA:2,1
DA:13,1
DA:24,1
DA:25,18
DA:26,16
DA:27,0
DA:29,16
DA:32,2
DA:37,1
DA:39,10
DA:40,2
DA:41,2
DA:43,8
DA:44,8
DA:46,8
DA:50,1
DA:52,8
DA:53,0
DA:54,0
DA:56,8
DA:57,8
DA:59,8
DA:62,1
DA:63,1
DA:66,1
DA:67,2
DA:68,2
DA:69,2
DA:71,2
DA:73,2
DA:74,2
DA:76,2
DA:77,2
DA:78,2
DA:81,2
DA:82,8
DA:83,8
DA:84,6
DA:85,6
DA:88,2
DA:91,2
DA:92,2
DA:93,2
DA:95,2
DA:96,10
DA:97,2
DA:99,8
DA:104,2
DA:105,2
DA:106,2
DA:110,2
DA:111,2
DA:112,2
DA:114,2
DA:115,2
DA:116,2
DA:117,2
DA:118,2
DA:121,2
DA:122,2
DA:123,2
DA:126,2
DA:127,2
DA:128,2
DA:129,2
DA:131,2
DA:134,1
DA:135,1
DA:137,1
LF:69
LH:66
BRDA:25,0,0,16
BRDA:25,0,1,2
BRDA:26,1,0,0
BRDA:26,1,1,16
BRDA:39,2,0,2
BRDA:39,2,1,8
BRDA:52,3,0,0
BRDA:52,3,1,8
BRDA:76,4,0,2
BRDA:76,4,1,0
BRDA:83,5,0,6
BRDA:83,5,1,2
BRDA:96,6,0,2
BRDA:96,6,1,8
BRF:14
BRH:11
end_of_record
